<?xml version="1.0" encoding="UTF-8"?>
<!-- Generated by org.testng.reporters.JUnitReportReporter -->
<testsuite hostname="DESKTOP-FR4OI0B" name="com.freecrm.cucumber.runner.LoginRunner" tests="1" failures="0" timestamp="8 Jan 2018 18:20:52 GMT" time="12.600" errors="0">
  <testcase name="feature" time="12.600" classname="com.freecrm.cucumber.runner.LoginRunner"/>
</testsuite> <!-- com.freecrm.cucumber.runner.LoginRunner -->
